<?xml version="1.0" encoding="UTF-8"?>
<testng-results skipped="0" failed="0" ignored="0" total="2" passed="2">
  <reporter-output>
  </reporter-output>
  <suite name="Suite" duration-ms="17746" started-at="2019-03-06T10:13:41Z" finished-at="2019-03-06T10:13:59Z">
    <groups>
    </groups>
    <test name="Test" duration-ms="17746" started-at="2019-03-06T10:13:41Z" finished-at="2019-03-06T10:13:59Z">
      <class name="com.learnautomation.tests.LoginTestCRM">
        <test-method status="PASS" signature="setUpSuite()[pri:0, instance:com.learnautomation.tests.LoginTestCRM@7a187f14]" name="setUpSuite" is-config="true" duration-ms="912" started-at="2019-03-06T10:13:40Z" finished-at="2019-03-06T10:13:41Z">
          <reporter-output>
          </reporter-output>
        </test-method> <!-- setUpSuite -->
        <test-method status="PASS" signature="setup()[pri:0, instance:com.learnautomation.tests.LoginTestCRM@7a187f14]" name="setup" is-config="true" duration-ms="8246" started-at="2019-03-06T10:13:41Z" finished-at="2019-03-06T10:13:49Z">
          <reporter-output>
          </reporter-output>
        </test-method> <!-- setup -->
        <test-method status="PASS" signature="loginAppTest()[pri:1, instance:com.learnautomation.tests.LoginTestCRM@7a187f14]" name="loginAppTest" duration-ms="7772" started-at="2019-03-06T10:13:49Z" finished-at="2019-03-06T10:13:57Z">
          <reporter-output>
          </reporter-output>
        </test-method> <!-- loginAppTest -->
        <test-method status="PASS" signature="teardownmethod(org.testng.ITestResult)[pri:0, instance:com.learnautomation.tests.LoginTestCRM@7a187f14]" name="teardownmethod" is-config="true" duration-ms="576" started-at="2019-03-06T10:13:57Z" finished-at="2019-03-06T10:13:57Z">
          <params>
            <param index="0">
              <value>
                <![CDATA[[TestResult name=loginAppTest status=SUCCESS method=LoginTestCRM.loginAppTest()[pri:1, instance:com.learnautomation.tests.LoginTestCRM@7a187f14] output={null}]]]>
              </value>
            </param>
          </params>
          <reporter-output>
          </reporter-output>
        </test-method> <!-- teardownmethod -->
        <test-method status="PASS" signature="logoutTest()[pri:2, instance:com.learnautomation.tests.LoginTestCRM@7a187f14]" name="logoutTest" duration-ms="1" started-at="2019-03-06T10:13:57Z" finished-at="2019-03-06T10:13:57Z">
          <reporter-output>
          </reporter-output>
        </test-method> <!-- logoutTest -->
        <test-method status="PASS" signature="teardownmethod(org.testng.ITestResult)[pri:0, instance:com.learnautomation.tests.LoginTestCRM@7a187f14]" name="teardownmethod" is-config="true" duration-ms="201" started-at="2019-03-06T10:13:58Z" finished-at="2019-03-06T10:13:58Z">
          <params>
            <param index="0">
              <value>
                <![CDATA[[TestResult name=logoutTest status=SUCCESS method=LoginTestCRM.logoutTest()[pri:2, instance:com.learnautomation.tests.LoginTestCRM@7a187f14] output={null}]]]>
              </value>
            </param>
          </params>
          <reporter-output>
          </reporter-output>
        </test-method> <!-- teardownmethod -->
        <test-method status="PASS" signature="teardown()[pri:0, instance:com.learnautomation.tests.LoginTestCRM@7a187f14]" name="teardown" is-config="true" duration-ms="918" started-at="2019-03-06T10:13:58Z" finished-at="2019-03-06T10:13:59Z">
          <reporter-output>
          </reporter-output>
        </test-method> <!-- teardown -->
      </class> <!-- com.learnautomation.tests.LoginTestCRM -->
    </test> <!-- Test -->
  </suite> <!-- Suite -->
</testng-results>
